#!/bin/bash -xv

function STARTVMS {
    for uuid in $(prlctl list -a | awk '{print $1}' | sed -e 's/{//g' -e 's/}//g' ); do
        if [ "$uuid" != "UUID" ]; then
            state="$(prlctl list --info "$uuid" | awk '$1 == "State:" {print $2}')"
            if [ "$state" != "running" ]; then
                prlctl start $uuid &
            elif [ "$state" == "paused" ]; then
                prlctl resume $uuid &
            fi
        fi
    done
    sleep 60
}
function DETECTOS {
    for uuid in $(prlctl list -a | awk '{print $1}' | sed -e 's/{//g' -e 's/}//g' ); do
        if [ "$uuid" != "UUID" ]; then
            vmname="$(prlctl list --all | awk -v uuid="\{$uuid\}" '$1 == uuid {print $NF}')"
            prlctl exec $uuid "uname -a" > /dev/null 2>&1
            if [ "$(echo $?)" == "0" ]; then
                os=linux
            fi
            prlctl exec $uuid "systeminfo" > /dev/null 2>&1
            if [ "$(echo $?)" == "0" ]; then
                os=windows
            fi
            if [ "$os" == "linux" ]; then
                id="$(prlctl exec $uuid "cat /etc/os-release" | awk -F= '$1 == "ID" {print $2}')"
                id_like="$(prlctl exec $uuid "cat /etc/os-release" | awk -F= '$1 == "ID_LIKE" {print $2}' | sed -e 's/"//g' -e 's/ /_/g')"
                
                if [ -z "$id_like" ]; then
                    id_like="$id"
                fi
                case "$id_like" in
                    fedora)
                        id_like=redhat
                        ;;
                    rhel_fedora)
                        id_like=redhat
                        ;;
                esac
                printf "\n=====\nVM Name:%s\nVM UUID:%s\nOS ID:%s\n-----\n" "$vmname" "$uuid" "$id_like"
            elif [ "$os" ==  "windows" ]; then
                id_like="$(prlctl exec $uuid "systeminfo" | dos2unix | awk -F: '$1 == "OS Name" {print $NF}' | sed -e 's/  //g' -e 's/^ //g' -e 's/ /_/g' | tr -d [[:blank:]])"
            elif [ -z "$os" ]; then
                printf "\n\nVM os undetected:\n%s\n\n\n" "$(prlctl list info $uuid)"
            fi
            OSUPDATE 
            unset os
            unset id
            unset id_like
        fi
    done
}
function OSUPDATE {
    case $id_like in
        redhat)
            prlctl snapshot $uuid --description "Scripted update $(date)"
            prlctl exec $uuid "dnf clean all && dnf update -y && dnf distro-sync -y && dnf autoremove -y && touch /.autorelabel"
            ;;
        debian)
            prlctl snapshot $uuid --description "Scripted update $(date)"
            prlctl exec $uuid "apt clean all && apt update -y && apt full-upgrade -y && apt auto-remove -y && touch /.autorelabel"
            ;;
        *Windows*)
            printf "System is %s.\n" "$( echo $id_like | sed 's/_/ /g')"
            ;;
    esac
    if [ "$os" == "linux" ]; then
        prlctl exec $uuid "shutdown -r now"
    fi
}
function UPDATEVMS {
    STARTVMS
    DETECTOS
}

UPDATEVMS
+ UPDATEVMS
+ STARTVMS
prlctl list -a | awk '{print $1}' | sed -e 's/{//g' -e 's/}//g' 
++ prlctl list -a
++ awk '{print $1}'
++ sed -e 's/{//g' -e 's/}//g'
+ for uuid in '$(prlctl list -a | awk '\''{print $1}'\'' | sed -e '\''s/{//g'\'' -e '\''s/}//g'\'' )'
+ '[' UUID '!=' UUID ']'
+ for uuid in '$(prlctl list -a | awk '\''{print $1}'\'' | sed -e '\''s/{//g'\'' -e '\''s/}//g'\'' )'
+ '[' 95853edd-1522-4544-8121-2eaaa5ba17eb '!=' UUID ']'
prlctl list --info "$uuid" | awk '$1 == "State:" {print $2}'
++ prlctl list --info 95853edd-1522-4544-8121-2eaaa5ba17eb
++ awk '$1 == "State:" {print $2}'
+ state=running
+ '[' running '!=' running ']'
+ '[' running == paused ']'
+ for uuid in '$(prlctl list -a | awk '\''{print $1}'\'' | sed -e '\''s/{//g'\'' -e '\''s/}//g'\'' )'
+ '[' 00108318-138d-4ae6-be80-3520f4a0564d '!=' UUID ']'
prlctl list --info "$uuid" | awk '$1 == "State:" {print $2}'
++ prlctl list --info 00108318-138d-4ae6-be80-3520f4a0564d
++ awk '$1 == "State:" {print $2}'
+ state=running
+ '[' running '!=' running ']'
+ '[' running == paused ']'
+ for uuid in '$(prlctl list -a | awk '\''{print $1}'\'' | sed -e '\''s/{//g'\'' -e '\''s/}//g'\'' )'
+ '[' 764ff407-a5cb-4e34-b6b3-21f44110b7e7 '!=' UUID ']'
prlctl list --info "$uuid" | awk '$1 == "State:" {print $2}'
++ prlctl list --info 764ff407-a5cb-4e34-b6b3-21f44110b7e7
++ awk '$1 == "State:" {print $2}'
+ state=running
+ '[' running '!=' running ']'
+ '[' running == paused ']'
+ for uuid in '$(prlctl list -a | awk '\''{print $1}'\'' | sed -e '\''s/{//g'\'' -e '\''s/}//g'\'' )'
+ '[' ed3df1c0-7b23-4318-a407-995a0ca5f1f2 '!=' UUID ']'
prlctl list --info "$uuid" | awk '$1 == "State:" {print $2}'
++ prlctl list --info ed3df1c0-7b23-4318-a407-995a0ca5f1f2
++ awk '$1 == "State:" {print $2}'
+ state=running
+ '[' running '!=' running ']'
+ '[' running == paused ']'
+ for uuid in '$(prlctl list -a | awk '\''{print $1}'\'' | sed -e '\''s/{//g'\'' -e '\''s/}//g'\'' )'
+ '[' f9d091e8-7595-415b-9180-34bc6a06aaf4 '!=' UUID ']'
prlctl list --info "$uuid" | awk '$1 == "State:" {print $2}'
++ prlctl list --info f9d091e8-7595-415b-9180-34bc6a06aaf4
++ awk '$1 == "State:" {print $2}'
+ state=running
+ '[' running '!=' running ']'
+ '[' running == paused ']'
+ for uuid in '$(prlctl list -a | awk '\''{print $1}'\'' | sed -e '\''s/{//g'\'' -e '\''s/}//g'\'' )'
+ '[' d82dde3c-cbb7-4384-bcef-4e85c3223476 '!=' UUID ']'
prlctl list --info "$uuid" | awk '$1 == "State:" {print $2}'
++ prlctl list --info d82dde3c-cbb7-4384-bcef-4e85c3223476
++ awk '$1 == "State:" {print $2}'
+ state=running
+ '[' running '!=' running ']'
+ '[' running == paused ']'
+ sleep 60
+ DETECTOS
prlctl list -a | awk '{print $1}' | sed -e 's/{//g' -e 's/}//g' 
++ prlctl list -a
++ awk '{print $1}'
++ sed -e 's/{//g' -e 's/}//g'
+ for uuid in '$(prlctl list -a | awk '\''{print $1}'\'' | sed -e '\''s/{//g'\'' -e '\''s/}//g'\'' )'
+ '[' UUID '!=' UUID ']'
+ for uuid in '$(prlctl list -a | awk '\''{print $1}'\'' | sed -e '\''s/{//g'\'' -e '\''s/}//g'\'' )'
+ '[' 95853edd-1522-4544-8121-2eaaa5ba17eb '!=' UUID ']'
prlctl list --all | awk -v uuid="\{$uuid\}" '$1 == uuid {print $NF}'
++ prlctl list --all
++ awk -v 'uuid=\{95853edd-1522-4544-8121-2eaaa5ba17eb\}' '$1 == uuid {print $NF}'
+ vmname=prlcentos
+ prlctl exec 95853edd-1522-4544-8121-2eaaa5ba17eb 'uname -a'
echo $?
++ echo 0
+ '[' 0 == 0 ']'
+ os=linux
+ prlctl exec 95853edd-1522-4544-8121-2eaaa5ba17eb systeminfo
echo $?
++ echo 127
+ '[' 127 == 0 ']'
+ '[' linux == linux ']'
prlctl exec $uuid "cat /etc/os-release" | awk -F= '$1 == "ID" {print $2}'
++ prlctl exec 95853edd-1522-4544-8121-2eaaa5ba17eb 'cat /etc/os-release'
++ awk -F= '$1 == "ID" {print $2}'
+ id='"centos"'
prlctl exec $uuid "cat /etc/os-release" | awk -F= '$1 == "ID_LIKE" {print $2}' | sed -e 's/"//g' -e 's/ /_/g'
++ prlctl exec 95853edd-1522-4544-8121-2eaaa5ba17eb 'cat /etc/os-release'
++ awk -F= '$1 == "ID_LIKE" {print $2}'
++ sed -e 's/"//g' -e 's/ /_/g'
+ id_like=rhel_fedora
+ '[' -z rhel_fedora ']'
+ case "$id_like" in
+ id_like=redhat
+ printf '\n=====\nVM Name:%s\nVM UUID:%s\nOS ID:%s\n-----\n' prlcentos 95853edd-1522-4544-8121-2eaaa5ba17eb redhat

=====
VM Name:prlcentos
VM UUID:95853edd-1522-4544-8121-2eaaa5ba17eb
OS ID:redhat
-----
+ OSUPDATE
+ case $id_like in
date
++ date
+ prlctl snapshot 95853edd-1522-4544-8121-2eaaa5ba17eb --description 'Scripted update Tue Apr  9 00:16:43 HST 2024'
Creating the snapshot...
The snapshot with id {e91507f5-cf00-4f29-b99c-5767f3c3b021} has been successfully created.
+ prlctl exec 95853edd-1522-4544-8121-2eaaa5ba17eb 'dnf clean all && dnf update -y && dnf distro-sync -y && dnf autoremove -y && touch /.autorelabel'
120 files removed
CentOS Stream 8 - AppStream                     1.4 MB/s |  28 MB     00:19    
CentOS Stream 8 - BaseOS                        1.3 MB/s |  10 MB     00:07    
CentOS Stream 8 - Extras                         11 kB/s |  18 kB     00:01    
CentOS Stream 8 - Extras common packages        6.6 kB/s | 7.7 kB     00:01    
CentOS Stream 8 - HighAvailability              685 kB/s | 1.3 MB     00:01    
CentOS Stream 8 - NFV                           433 kB/s | 4.4 MB     00:10    
CentOS Stream 8 - PowerTools                    1.1 MB/s | 5.0 MB     00:04    
CentOS Stream 8 - RealTime                      712 kB/s | 4.3 MB     00:06    
CentOS Stream 8 - ResilientStorage              425 kB/s | 1.3 MB     00:03    
CERT Forensics Tools Repository                  93 kB/s | 1.0 MB     00:11    
CERT Forensics Tools Repository - Splunk        116 kB/s | 370 kB     00:03    
CERT Forensics Tools Repository - SiLK, IPA, an 4.1 kB/s |  11 kB     00:02    
ELRepo.org Community Enterprise Linux Repositor  76 kB/s | 203 kB     00:02    
Extra Packages for Enterprise Linux 8 - x86_64  918 kB/s |  16 MB     00:18    
Extra Packages for Enterprise Linux Modular 8 - 311 kB/s | 733 kB     00:02    
Extra Packages for Enterprise Linux 8 - Next -  177 kB/s | 368 kB     00:02    
packages for the GitHub CLI                     1.8 kB/s | 2.6 kB     00:01    
Dependencies resolved.
Nothing to do.
Complete!
Last metadata expiration check: 0:00:10 ago on Tue Apr  9 00:19:16 2024.
Dependencies resolved.
Nothing to do.
Complete!
Last metadata expiration check: 0:00:15 ago on Tue Apr  9 00:19:16 2024.
Dependencies resolved.
Nothing to do.
Complete!
+ '[' linux == linux ']'
+ prlctl exec 95853edd-1522-4544-8121-2eaaa5ba17eb 'shutdown -r now'
+ unset os
+ unset id
+ unset id_like
+ for uuid in '$(prlctl list -a | awk '\''{print $1}'\'' | sed -e '\''s/{//g'\'' -e '\''s/}//g'\'' )'
+ '[' 00108318-138d-4ae6-be80-3520f4a0564d '!=' UUID ']'
prlctl list --all | awk -v uuid="\{$uuid\}" '$1 == uuid {print $NF}'
++ prlctl list --all
++ awk -v 'uuid=\{00108318-138d-4ae6-be80-3520f4a0564d\}' '$1 == uuid {print $NF}'
+ vmname=prlfedora
+ prlctl exec 00108318-138d-4ae6-be80-3520f4a0564d 'uname -a'
echo $?
++ echo 0
+ '[' 0 == 0 ']'
+ os=linux
+ prlctl exec 00108318-138d-4ae6-be80-3520f4a0564d systeminfo
echo $?
++ echo 127
+ '[' 127 == 0 ']'
+ '[' linux == linux ']'
prlctl exec $uuid "cat /etc/os-release" | awk -F= '$1 == "ID" {print $2}'
++ prlctl exec 00108318-138d-4ae6-be80-3520f4a0564d 'cat /etc/os-release'
++ awk -F= '$1 == "ID" {print $2}'
+ id=fedora
prlctl exec $uuid "cat /etc/os-release" | awk -F= '$1 == "ID_LIKE" {print $2}' | sed -e 's/"//g' -e 's/ /_/g'
++ prlctl exec 00108318-138d-4ae6-be80-3520f4a0564d 'cat /etc/os-release'
++ awk -F= '$1 == "ID_LIKE" {print $2}'
++ sed -e 's/"//g' -e 's/ /_/g'
+ id_like=
+ '[' -z '' ']'
+ id_like=fedora
+ case "$id_like" in
+ id_like=redhat
+ printf '\n=====\nVM Name:%s\nVM UUID:%s\nOS ID:%s\n-----\n' prlfedora 00108318-138d-4ae6-be80-3520f4a0564d redhat

=====
VM Name:prlfedora
VM UUID:00108318-138d-4ae6-be80-3520f4a0564d
OS ID:redhat
-----
+ OSUPDATE
+ case $id_like in
date
++ date
+ prlctl snapshot 00108318-138d-4ae6-be80-3520f4a0564d --description 'Scripted update Tue Apr  9 00:19:38 HST 2024'
Creating the snapshot...
The snapshot with id {73dc76f4-89e9-4eca-a079-48d277aba902} has been successfully created.
+ prlctl exec 00108318-138d-4ae6-be80-3520f4a0564d 'dnf clean all && dnf update -y && dnf distro-sync -y && dnf autoremove -y && touch /.autorelabel'
47 files removed
Copr repo for freeipa-4-8 owned by @freeipa      20 kB/s |  27 kB     00:01    
Fedora 38 - x86_64                              1.9 MB/s |  83 MB     00:44    
Fedora 38 openh264 (From Cisco) - x86_64        1.4 kB/s | 2.6 kB     00:01    
Fedora Modular 38 - x86_64                      675 kB/s | 2.8 MB     00:04    
Fedora 38 - x86_64 - Updates                    2.7 MB/s |  41 MB     00:15    
Fedora Modular 38 - x86_64 - Updates            765 kB/s | 2.1 MB     00:02    
Dependencies resolved.
Nothing to do.
Complete!
Last metadata expiration check: 0:00:06 ago on Tue Apr  9 00:21:22 2024.
Dependencies resolved.
Nothing to do.
Complete!
Last metadata expiration check: 0:00:08 ago on Tue Apr  9 00:21:22 2024.
Dependencies resolved.
Nothing to do.
Complete!
+ '[' linux == linux ']'
+ prlctl exec 00108318-138d-4ae6-be80-3520f4a0564d 'shutdown -r now'
+ unset os
+ unset id
+ unset id_like
+ for uuid in '$(prlctl list -a | awk '\''{print $1}'\'' | sed -e '\''s/{//g'\'' -e '\''s/}//g'\'' )'
+ '[' 764ff407-a5cb-4e34-b6b3-21f44110b7e7 '!=' UUID ']'
prlctl list --all | awk -v uuid="\{$uuid\}" '$1 == uuid {print $NF}'
++ prlctl list --all
++ awk -v 'uuid=\{764ff407-a5cb-4e34-b6b3-21f44110b7e7\}' '$1 == uuid {print $NF}'
+ vmname=prlkali
+ prlctl exec 764ff407-a5cb-4e34-b6b3-21f44110b7e7 'uname -a'
echo $?
++ echo 0
+ '[' 0 == 0 ']'
+ os=linux
+ prlctl exec 764ff407-a5cb-4e34-b6b3-21f44110b7e7 systeminfo
echo $?
++ echo 127
+ '[' 127 == 0 ']'
+ '[' linux == linux ']'
prlctl exec $uuid "cat /etc/os-release" | awk -F= '$1 == "ID" {print $2}'
++ prlctl exec 764ff407-a5cb-4e34-b6b3-21f44110b7e7 'cat /etc/os-release'
++ awk -F= '$1 == "ID" {print $2}'
+ id=kali
prlctl exec $uuid "cat /etc/os-release" | awk -F= '$1 == "ID_LIKE" {print $2}' | sed -e 's/"//g' -e 's/ /_/g'
++ prlctl exec 764ff407-a5cb-4e34-b6b3-21f44110b7e7 'cat /etc/os-release'
++ awk -F= '$1 == "ID_LIKE" {print $2}'
++ sed -e 's/"//g' -e 's/ /_/g'
+ id_like=debian
+ '[' -z debian ']'
+ case "$id_like" in
+ printf '\n=====\nVM Name:%s\nVM UUID:%s\nOS ID:%s\n-----\n' prlkali 764ff407-a5cb-4e34-b6b3-21f44110b7e7 debian

=====
VM Name:prlkali
VM UUID:764ff407-a5cb-4e34-b6b3-21f44110b7e7
OS ID:debian
-----
+ OSUPDATE
+ case $id_like in
date
++ date
+ prlctl snapshot 764ff407-a5cb-4e34-b6b3-21f44110b7e7 --description 'Scripted update Tue Apr  9 00:21:33 HST 2024'
Creating the snapshot...
The snapshot with id {c774545d-49d2-407e-801c-b8484e23ce24} has been successfully created.
+ prlctl exec 764ff407-a5cb-4e34-b6b3-21f44110b7e7 'apt clean all && apt update -y && apt full-upgrade -y && apt auto-remove -y && touch /.autorelabel'

WARNING: apt does not have a stable CLI interface. Use with caution in scripts.


WARNING: apt does not have a stable CLI interface. Use with caution in scripts.

Hit:1 http://http.kali.org/kali kali-rolling InRelease
Hit:2 https://brave-browser-apt-release.s3.brave.com stable InRelease
Reading package lists...
Building dependency tree...
Reading state information...
All packages are up to date.

WARNING: apt does not have a stable CLI interface. Use with caution in scripts.

Reading package lists...
Building dependency tree...
Reading state information...
Calculating upgrade...
0 upgraded, 0 newly installed, 0 to remove and 0 not upgraded.

WARNING: apt does not have a stable CLI interface. Use with caution in scripts.

Reading package lists...
Building dependency tree...
Reading state information...
0 upgraded, 0 newly installed, 0 to remove and 0 not upgraded.
+ '[' linux == linux ']'
+ prlctl exec 764ff407-a5cb-4e34-b6b3-21f44110b7e7 'shutdown -r now'
+ unset os
+ unset id
+ unset id_like
+ for uuid in '$(prlctl list -a | awk '\''{print $1}'\'' | sed -e '\''s/{//g'\'' -e '\''s/}//g'\'' )'
+ '[' ed3df1c0-7b23-4318-a407-995a0ca5f1f2 '!=' UUID ']'
prlctl list --all | awk -v uuid="\{$uuid\}" '$1 == uuid {print $NF}'
++ prlctl list --all
++ awk -v 'uuid=\{ed3df1c0-7b23-4318-a407-995a0ca5f1f2\}' '$1 == uuid {print $NF}'
+ vmname=prlrh9
+ prlctl exec ed3df1c0-7b23-4318-a407-995a0ca5f1f2 'uname -a'
echo $?
++ echo 0
+ '[' 0 == 0 ']'
+ os=linux
+ prlctl exec ed3df1c0-7b23-4318-a407-995a0ca5f1f2 systeminfo
echo $?
++ echo 127
+ '[' 127 == 0 ']'
+ '[' linux == linux ']'
prlctl exec $uuid "cat /etc/os-release" | awk -F= '$1 == "ID" {print $2}'
++ prlctl exec ed3df1c0-7b23-4318-a407-995a0ca5f1f2 'cat /etc/os-release'
++ awk -F= '$1 == "ID" {print $2}'
+ id='"rhel"'
prlctl exec $uuid "cat /etc/os-release" | awk -F= '$1 == "ID_LIKE" {print $2}' | sed -e 's/"//g' -e 's/ /_/g'
++ prlctl exec ed3df1c0-7b23-4318-a407-995a0ca5f1f2 'cat /etc/os-release'
++ awk -F= '$1 == "ID_LIKE" {print $2}'
++ sed -e 's/"//g' -e 's/ /_/g'
+ id_like=fedora
+ '[' -z fedora ']'
+ case "$id_like" in
+ id_like=redhat
+ printf '\n=====\nVM Name:%s\nVM UUID:%s\nOS ID:%s\n-----\n' prlrh9 ed3df1c0-7b23-4318-a407-995a0ca5f1f2 redhat

=====
VM Name:prlrh9
VM UUID:ed3df1c0-7b23-4318-a407-995a0ca5f1f2
OS ID:redhat
-----
+ OSUPDATE
+ case $id_like in
date
++ date
+ prlctl snapshot ed3df1c0-7b23-4318-a407-995a0ca5f1f2 --description 'Scripted update Tue Apr  9 00:21:41 HST 2024'
Creating the snapshot...
The snapshot with id {c54728d4-3ec2-432e-8375-9388c9610bdf} has been successfully created.
+ prlctl exec ed3df1c0-7b23-4318-a407-995a0ca5f1f2 'dnf clean all && dnf update -y && dnf distro-sync -y && dnf autoremove -y && touch /.autorelabel'
Updating Subscription Management repositories.
52 files removed
Updating Subscription Management repositories.
Extra Packages for Enterprise Linux 9 - x86_64  1.1 MB/s |  21 MB     00:18    
Extra Packages for Enterprise Linux 9 openh264  1.4 kB/s | 2.5 kB     00:01    
Red Hat CodeReady Linux Builder for RHEL 9 x86_ 1.5 MB/s | 7.0 MB     00:04    
Red Hat Enterprise Linux 9 for x86_64 - AppStre 5.8 MB/s |  30 MB     00:05    
Red Hat Enterprise Linux 9 for x86_64 - BaseOS  1.6 MB/s |  19 MB     00:11    
Red Hat Enterprise Linux 9 for x86_64 - Supplem 2.6 kB/s | 3.0 kB     00:01    
Dependencies resolved.
Nothing to do.
Complete!
Updating Subscription Management repositories.
Last metadata expiration check: 0:00:04 ago on Tue Apr  9 00:22:47 2024.
Dependencies resolved.
Nothing to do.
Complete!
Updating Subscription Management repositories.
Last metadata expiration check: 0:00:06 ago on Tue Apr  9 00:22:47 2024.
Dependencies resolved.
Nothing to do.
Complete!
+ '[' linux == linux ']'
+ prlctl exec ed3df1c0-7b23-4318-a407-995a0ca5f1f2 'shutdown -r now'
Failed to set wall message, ignoring: Could not activate remote peer.
Call to Reboot failed: Could not activate remote peer.
+ unset os
+ unset id
+ unset id_like
+ for uuid in '$(prlctl list -a | awk '\''{print $1}'\'' | sed -e '\''s/{//g'\'' -e '\''s/}//g'\'' )'
+ '[' f9d091e8-7595-415b-9180-34bc6a06aaf4 '!=' UUID ']'
prlctl list --all | awk -v uuid="\{$uuid\}" '$1 == uuid {print $NF}'
++ prlctl list --all
++ awk -v 'uuid=\{f9d091e8-7595-415b-9180-34bc6a06aaf4\}' '$1 == uuid {print $NF}'
+ vmname=prlubuntu
+ prlctl exec f9d091e8-7595-415b-9180-34bc6a06aaf4 'uname -a'
echo $?
++ echo 0
+ '[' 0 == 0 ']'
+ os=linux
+ prlctl exec f9d091e8-7595-415b-9180-34bc6a06aaf4 systeminfo
echo $?
++ echo 127
+ '[' 127 == 0 ']'
+ '[' linux == linux ']'
prlctl exec $uuid "cat /etc/os-release" | awk -F= '$1 == "ID" {print $2}'
++ prlctl exec f9d091e8-7595-415b-9180-34bc6a06aaf4 'cat /etc/os-release'
++ awk -F= '$1 == "ID" {print $2}'
+ id=ubuntu
prlctl exec $uuid "cat /etc/os-release" | awk -F= '$1 == "ID_LIKE" {print $2}' | sed -e 's/"//g' -e 's/ /_/g'
++ prlctl exec f9d091e8-7595-415b-9180-34bc6a06aaf4 'cat /etc/os-release'
++ awk -F= '$1 == "ID_LIKE" {print $2}'
++ sed -e 's/"//g' -e 's/ /_/g'
+ id_like=debian
+ '[' -z debian ']'
+ case "$id_like" in
+ printf '\n=====\nVM Name:%s\nVM UUID:%s\nOS ID:%s\n-----\n' prlubuntu f9d091e8-7595-415b-9180-34bc6a06aaf4 debian

=====
VM Name:prlubuntu
VM UUID:f9d091e8-7595-415b-9180-34bc6a06aaf4
OS ID:debian
-----
+ OSUPDATE
+ case $id_like in
date
++ date
+ prlctl snapshot f9d091e8-7595-415b-9180-34bc6a06aaf4 --description 'Scripted update Tue Apr  9 00:22:58 HST 2024'
Creating the snapshot...
The snapshot with id {433dec88-82d8-4a7c-a866-a778c42e1565} has been successfully created.
+ prlctl exec f9d091e8-7595-415b-9180-34bc6a06aaf4 'apt clean all && apt update -y && apt full-upgrade -y && apt auto-remove -y && touch /.autorelabel'

WARNING: apt does not have a stable CLI interface. Use with caution in scripts.


WARNING: apt does not have a stable CLI interface. Use with caution in scripts.

Hit:1 http://us.archive.ubuntu.com/ubuntu jammy InRelease
Hit:2 http://security.ubuntu.com/ubuntu jammy-security InRelease
Hit:3 http://us.archive.ubuntu.com/ubuntu jammy-updates InRelease
Hit:4 http://us.archive.ubuntu.com/ubuntu jammy-backports InRelease
Reading package lists...
Building dependency tree...
Reading state information...
All packages are up to date.

WARNING: apt does not have a stable CLI interface. Use with caution in scripts.

Reading package lists...
Building dependency tree...
Reading state information...
Calculating upgrade...
Get more security updates through Ubuntu Pro with 'esm-apps' enabled:
  editorconfig libeditorconfig0
Learn more about Ubuntu Pro at https://ubuntu.com/pro
0 upgraded, 0 newly installed, 0 to remove and 0 not upgraded.

WARNING: apt does not have a stable CLI interface. Use with caution in scripts.

Reading package lists...
Building dependency tree...
Reading state information...
0 upgraded, 0 newly installed, 0 to remove and 0 not upgraded.
+ '[' linux == linux ']'
+ prlctl exec f9d091e8-7595-415b-9180-34bc6a06aaf4 'shutdown -r now'
+ unset os
+ unset id
+ unset id_like
+ for uuid in '$(prlctl list -a | awk '\''{print $1}'\'' | sed -e '\''s/{//g'\'' -e '\''s/}//g'\'' )'
+ '[' d82dde3c-cbb7-4384-bcef-4e85c3223476 '!=' UUID ']'
prlctl list --all | awk -v uuid="\{$uuid\}" '$1 == uuid {print $NF}'
++ prlctl list --all
++ awk -v 'uuid=\{d82dde3c-cbb7-4384-bcef-4e85c3223476\}' '$1 == uuid {print $NF}'
+ vmname=prlwindows
+ prlctl exec d82dde3c-cbb7-4384-bcef-4e85c3223476 'uname -a'
echo $?
++ echo 2
+ '[' 2 == 0 ']'
+ prlctl exec d82dde3c-cbb7-4384-bcef-4e85c3223476 systeminfo
echo $?
++ echo 0
+ '[' 0 == 0 ']'
+ os=windows
+ '[' windows == linux ']'
+ '[' windows == windows ']'
prlctl exec $uuid "systeminfo" | dos2unix | awk -F: '$1 == "OS Name" {print $NF}' | sed -e 's/  //g' -e 's/^ //g' -e 's/ /_/g' | tr -d [[:blank:]]
++ prlctl exec d82dde3c-cbb7-4384-bcef-4e85c3223476 systeminfo
++ dos2unix
++ awk -F: '$1 == "OS Name" {print $NF}'
++ sed -e 's/  //g' -e 's/^ //g' -e 's/ /_/g'
++ tr -d '[[:blank:]]'
+ id_like=Microsoft_Windows_11_Pro
+ OSUPDATE
+ case $id_like in
 echo $id_like | sed 's/_/ /g'
++ echo Microsoft_Windows_11_Pro
++ sed 's/_/ /g'
+ printf 'System is %s.\n' 'Microsoft Windows 11 Pro'
System is Microsoft Windows 11 Pro.
+ '[' windows == linux ']'
+ unset os
+ unset id
+ unset id_like
